<?xml version="1.0" encoding="UTF-8"?>
<testsuite xmlns:xsi="http://www.w3.org/2001/XMLSchema-instance" xsi:schemaLocation="https://maven.apache.org/surefire/maven-surefire-plugin/xsd/surefire-test-report.xsd" name="TestSuite" time="20.968" tests="5" errors="0" skipped="0" failures="2">
  <properties>
[...]
</properties>
  <testcase name="test1" classname="com.qagroup.google.testsoleg.SearchResultNumberTest" time="2.376">
    <failure message="The number of found results is incorect: expected [10] but found [0]" type="java.lang.AssertionError">java.lang.AssertionError: The number of found results is incorect: expected [10] but found [0]
	at com.qagroup.google.testsoleg.SearchResultNumberTest.test1(SearchResultNumberTest.java:48)
</failure>
    <system-out><![CDATA[FAILURE!!!
]]></system-out>
    <system-err><![CDATA[SLF4J: Failed to load class "org.slf4j.impl.StaticLoggerBinder".
SLF4J: Defaulting to no-operation (NOP) logger implementation
SLF4J: See http://www.slf4j.org/codes.html#StaticLoggerBinder for further details.
1479409009047	geckodriver	INFO	Listening on 127.0.0.1:44024
1479409009087	geckodriver	INFO	Listening on 127.0.0.1:11382
1479409009164	geckodriver	INFO	Listening on 127.0.0.1:39612
ноя 17, 2016 8:56:49 PM org.openqa.selenium.remote.ProtocolHandshake createSession
INFO: Attempting bi-dialect session, assuming Postel's Law holds true on the remote end
ноя 17, 2016 8:56:49 PM org.openqa.selenium.remote.ProtocolHandshake createSession
INFO: Attempting bi-dialect session, assuming Postel's Law holds true on the remote end
ноя 17, 2016 8:56:49 PM org.openqa.selenium.remote.ProtocolHandshake createSession
INFO: Attempting bi-dialect session, assuming Postel's Law holds true on the remote end
1479409010786	mozprofile::profile	INFO	Using profile path C:\Users\Lenovo\AppData\Local\Temp\rust_mozprofile.B1rOsCcgEAld
1479409010794	geckodriver::marionette	INFO	Starting browser C:\Program Files\Mozilla Firefox\firefox.exe
1479409010802	geckodriver::marionette	INFO	Connecting to Marionette on localhost:60168
1479409010807	mozprofile::profile	INFO	Using profile path C:\Users\Lenovo\AppData\Local\Temp\rust_mozprofile.jkE3S73mPrdA
1479409010827	mozprofile::profile	INFO	Using profile path C:\Users\Lenovo\AppData\Local\Temp\rust_mozprofile.U34h8VrfPx9W
1479409010992	geckodriver::marionette	INFO	Starting browser C:\Program Files\Mozilla Firefox\firefox.exe
1479409010993	geckodriver::marionette	INFO	Starting browser C:\Program Files\Mozilla Firefox\firefox.exe
1479409011003	geckodriver::marionette	INFO	Connecting to Marionette on localhost:60170
1479409011017	geckodriver::marionette	INFO	Connecting to Marionette on localhost:60171
1479409012676	Marionette	INFO	Listening on port 60171
1479409012703	Marionette	INFO	Listening on port 60168
1479409012737	Marionette	INFO	Listening on port 60170
1479409015196	Marionette	INFO	startBrowser 3fd9614e-b0fd-463c-83b2-3bb976fd3e80
1479409015510	Marionette	INFO	startBrowser 54c64b1c-7016-43ad-a67f-7d24679152a8
1479409015963	Marionette	INFO	startBrowser 0d562aac-c0af-4716-9648-9a2506c60f24
ноя 17, 2016 8:56:56 PM org.openqa.selenium.remote.ProtocolHandshake createSession
INFO: Detected dialect: W3C
ноя 17, 2016 8:56:56 PM org.openqa.selenium.remote.ProtocolHandshake createSession
INFO: Detected dialect: W3C
ноя 17, 2016 8:56:57 PM org.openqa.selenium.remote.ProtocolHandshake createSession
INFO: Detected dialect: W3C
]]></system-err>
  </testcase>
  <testcase name="tearDown" classname="com.qagroup.google.testsoleg.Test1" time="2.459"/>
  <testcase name="test1" classname="com.qagroup.google.testsoleg.Test1" time="0.001">
    <failure message="Session ID is null. Using WebDriver after calling quit()?&#10;Build info: version: &apos;3.0.1&apos;, revision: &apos;1969d75&apos;, time: &apos;2016-10-18 09:49:13 -0700&apos;&#10;System info: host: &apos;DESKTOP-HEOVU1M&apos;, ip: &apos;192.168.0.104&apos;, os.name: &apos;Windows 10&apos;, os.arch: &apos;amd64&apos;, os.version: &apos;10.0&apos;, java.version: &apos;1.8.0_91&apos;&#10;Driver info: driver.version: RemoteWebDriver" type="org.openqa.selenium.NoSuchSessionException">org.openqa.selenium.NoSuchSessionException: 
Session ID is null. Using WebDriver after calling quit()?
Build info: version: '3.0.1', revision: '1969d75', time: '2016-10-18 09:49:13 -0700'
System info: host: 'DESKTOP-HEOVU1M', ip: '192.168.0.104', os.name: 'Windows 10', os.arch: 'amd64', os.version: '10.0', java.version: '1.8.0_91'
Driver info: driver.version: RemoteWebDriver
	at com.qagroup.google.testsoleg.Test1.test1(Test1.java:29)
</failure>
    <system-out><![CDATA[FAILURE!!!
]]></system-out>
  </testcase>
  <testcase name="testKeyboardAppearance" classname="com.qagroup.google.testsoleg.TestKeyboard" time="1.089"/>
  <testcase name="testKeyboardClose" classname="com.qagroup.google.testsoleg.TestKeyboard" time="0.185"/>
</testsuite>