<?xml version="1.0" encoding="UTF-8"?>
<testsuite xmlns:xsi="http://www.w3.org/2001/XMLSchema-instance" xsi:schemaLocation="https://maven.apache.org/surefire/maven-surefire-plugin/xsd/surefire-test-report.xsd" name="TestSuite" time="26.782" tests="3" errors="0" skipped="0" failures="3">
  <properties>
[...]
</properties>
  <testcase name="test1" classname="com.qagroup.google.testsoleg.SearchResultNumberTest" time="2.959">
    <failure message="The number of found results is incorect: expected [10] but found [0]" type="java.lang.AssertionError">java.lang.AssertionError: The number of found results is incorect: expected [10] but found [0]
	at com.qagroup.google.testsoleg.SearchResultNumberTest.test1(SearchResultNumberTest.java:40)
</failure>
    <system-out><![CDATA[FAILURE!!!
]]></system-out>
    <system-err><![CDATA[SLF4J: Failed to load class "org.slf4j.impl.StaticLoggerBinder".
SLF4J: Defaulting to no-operation (NOP) logger implementation
SLF4J: See http://www.slf4j.org/codes.html#StaticLoggerBinder for further details.
Starting ChromeDriver 2.25.426923 (0390b88869384d6eb0d5d09729679f934aab9eed) on port 43206
Only local connections are allowed.
ноя 21, 2016 9:22:45 PM org.openqa.selenium.remote.ProtocolHandshake createSession
INFO: Attempting bi-dialect session, assuming Postel's Law holds true on the remote end
ноя 21, 2016 9:22:48 PM org.openqa.selenium.remote.ProtocolHandshake createSession
INFO: Detected dialect: OSS
]]></system-err>
  </testcase>
  <testcase name="test1" classname="com.qagroup.google.testsoleg.SearchResultNumberTest" time="1.588">
    <failure message="The number of found results is incorect: expected [10] but found [0]" type="java.lang.AssertionError">java.lang.AssertionError: The number of found results is incorect: expected [10] but found [0]
	at com.qagroup.google.testsoleg.SearchResultNumberTest.test1(SearchResultNumberTest.java:40)
</failure>
    <system-out><![CDATA[FAILURE!!!
]]></system-out>
    <system-err><![CDATA[Starting ChromeDriver 2.25.426923 (0390b88869384d6eb0d5d09729679f934aab9eed) on port 21644
Only local connections are allowed.
ноя 21, 2016 9:22:54 PM org.openqa.selenium.remote.ProtocolHandshake createSession
INFO: Attempting bi-dialect session, assuming Postel's Law holds true on the remote end
ноя 21, 2016 9:22:55 PM org.openqa.selenium.remote.ProtocolHandshake createSession
INFO: Detected dialect: OSS
]]></system-err>
  </testcase>
  <testcase name="test1" classname="com.qagroup.google.testsoleg.SearchResultNumberTest" time="1.706">
    <failure message="The number of found results is incorect: expected [10] but found [0]" type="java.lang.AssertionError">java.lang.AssertionError: The number of found results is incorect: expected [10] but found [0]
	at com.qagroup.google.testsoleg.SearchResultNumberTest.test1(SearchResultNumberTest.java:40)
</failure>
    <system-out><![CDATA[FAILURE!!!
]]></system-out>
    <system-err><![CDATA[Starting ChromeDriver 2.25.426923 (0390b88869384d6eb0d5d09729679f934aab9eed) on port 15159
Only local connections are allowed.
ноя 21, 2016 9:22:59 PM org.openqa.selenium.remote.ProtocolHandshake createSession
INFO: Attempting bi-dialect session, assuming Postel's Law holds true on the remote end
ноя 21, 2016 9:23:01 PM org.openqa.selenium.remote.ProtocolHandshake createSession
INFO: Detected dialect: OSS
]]></system-err>
  </testcase>
</testsuite>